<?xml version="1.0" encoding="UTF-8"?>
<coverage generated="1491170191753" clover="3.2.0">
  <project timestamp="1491170191754" name="All files">
    <metrics statements="56" coveredstatements="50" conditionals="6" coveredconditionals="6" methods="21" coveredmethods="17" elements="83" coveredelements="73" complexity="0" loc="56" ncloc="56" packages="2" files="2" classes="2">
      <package name="src">
        <metrics statements="54" coveredstatements="48" conditionals="6" coveredconditionals="6" methods="21" coveredmethods="17"/>
        <file name="ability.js" path="/Users/pro/Documents/projects/awesome/serverless-alexa-ability/src/ability.js">
          <metrics statements="54" coveredstatements="48" conditionals="6" coveredconditionals="6" methods="21" coveredmethods="17"/>
          <line num="3" count="7" type="stmt"/>
          <line num="4" count="10" type="stmt"/>
          <line num="6" count="10" type="cond" truecount="2" falsecount="0"/>
          <line num="7" count="10" type="stmt"/>
          <line num="9" count="10" type="stmt"/>
          <line num="12" count="7" type="stmt"/>
          <line num="13" count="9" type="stmt"/>
          <line num="14" count="9" type="stmt"/>
          <line num="16" count="9" type="stmt"/>
          <line num="17" count="9" type="stmt"/>
          <line num="19" count="9" type="stmt"/>
          <line num="22" count="7" type="stmt"/>
          <line num="23" count="9" type="cond" truecount="2" falsecount="0"/>
          <line num="27" count="9" type="stmt"/>
          <line num="28" count="9" type="stmt"/>
          <line num="30" count="9" type="stmt"/>
          <line num="36" count="9" type="stmt"/>
          <line num="37" count="9" type="stmt"/>
          <line num="39" count="9" type="stmt"/>
          <line num="49" count="4" type="cond" truecount="2" falsecount="0"/>
          <line num="50" count="1" type="stmt"/>
          <line num="53" count="4" type="stmt"/>
          <line num="57" count="1" type="stmt"/>
          <line num="59" count="1" type="stmt"/>
          <line num="60" count="1" type="stmt"/>
          <line num="63" count="1" type="stmt"/>
          <line num="67" count="0" type="stmt"/>
          <line num="71" count="0" type="stmt"/>
          <line num="75" count="9" type="stmt"/>
          <line num="76" count="9" type="stmt"/>
          <line num="78" count="9" type="stmt"/>
          <line num="80" count="9" type="stmt"/>
          <line num="84" count="8" type="stmt"/>
          <line num="86" count="8" type="stmt"/>
          <line num="90" count="1" type="stmt"/>
          <line num="92" count="1" type="stmt"/>
          <line num="96" count="9" type="stmt"/>
          <line num="98" count="9" type="stmt"/>
          <line num="102" count="7" type="stmt"/>
          <line num="104" count="7" type="stmt"/>
          <line num="108" count="2" type="stmt"/>
          <line num="110" count="2" type="stmt"/>
          <line num="114" count="3" type="stmt"/>
          <line num="116" count="3" type="stmt"/>
          <line num="120" count="1" type="stmt"/>
          <line num="122" count="1" type="stmt"/>
          <line num="126" count="1" type="stmt"/>
          <line num="130" count="1" type="stmt"/>
          <line num="134" count="1" type="stmt"/>
          <line num="136" count="1" type="stmt"/>
          <line num="140" count="0" type="stmt"/>
          <line num="142" count="0" type="stmt"/>
          <line num="146" count="0" type="stmt"/>
          <line num="147" count="0" type="stmt"/>
        </file>
      </package>
      <package name="tests">
        <metrics statements="2" coveredstatements="2" conditionals="0" coveredconditionals="0" methods="0" coveredmethods="0"/>
        <file name="mock.js" path="/Users/pro/Documents/projects/awesome/serverless-alexa-ability/tests/mock.js">
          <metrics statements="2" coveredstatements="2" conditionals="0" coveredconditionals="0" methods="0" coveredmethods="0"/>
          <line num="1" count="7" type="stmt"/>
          <line num="23" count="7" type="stmt"/>
        </file>
      </package>
    </metrics>
  </project>
</coverage>
