{"/Users/pro/Documents/projects/awesome/serverless-alexa-ability/src/ability.js": {"path":"/Users/pro/Documents/projects/awesome/serverless-alexa-ability/src/ability.js","statementMap":{"0":{"start":{"line":3,"column":15},"end":{"line":10,"column":1}},"1":{"start":{"line":4,"column":12},"end":{"line":4,"column":14}},"2":{"start":{"line":6,"column":2},"end":{"line":6,"column":52}},"3":{"start":{"line":7,"column":2},"end":{"line":7,"column":22}},"4":{"start":{"line":9,"column":2},"end":{"line":9,"column":13}},"5":{"start":{"line":12,"column":19},"end":{"line":20,"column":1}},"6":{"start":{"line":13,"column":13},"end":{"line":13,"column":37}},"7":{"start":{"line":14,"column":16},"end":{"line":14,"column":51}},"8":{"start":{"line":16,"column":2},"end":{"line":16,"column":42}},"9":{"start":{"line":17,"column":2},"end":{"line":17,"column":29}},"10":{"start":{"line":19,"column":2},"end":{"line":19,"column":14}},"11":{"start":{"line":22,"column":15},"end":{"line":31,"column":1}},"12":{"start":{"line":23,"column":16},"end":{"line":25,"column":6}},"13":{"start":{"line":27,"column":2},"end":{"line":27,"column":39}},"14":{"start":{"line":28,"column":2},"end":{"line":28,"column":26}},"15":{"start":{"line":30,"column":2},"end":{"line":30,"column":15}},"16":{"start":{"line":36,"column":4},"end":{"line":36,"column":28}},"17":{"start":{"line":37,"column":4},"end":{"line":37,"column":25}},"18":{"start":{"line":39,"column":4},"end":{"line":42,"column":6}},"19":{"start":{"line":49,"column":4},"end":{"line":51,"column":5}},"20":{"start":{"line":50,"column":6},"end":{"line":50,"column":23}},"21":{"start":{"line":53,"column":4},"end":{"line":53,"column":16}},"22":{"start":{"line":57,"column":17},"end":{"line":57,"column":33}},"23":{"start":{"line":59,"column":4},"end":{"line":61,"column":7}},"24":{"start":{"line":60,"column":6},"end":{"line":60,"column":49}},"25":{"start":{"line":63,"column":4},"end":{"line":63,"column":16}},"26":{"start":{"line":67,"column":4},"end":{"line":67,"column":19}},"27":{"start":{"line":71,"column":4},"end":{"line":71,"column":34}},"28":{"start":{"line":75,"column":4},"end":{"line":75,"column":48}},"29":{"start":{"line":76,"column":4},"end":{"line":76,"column":56}},"30":{"start":{"line":78,"column":4},"end":{"line":78,"column":33}},"31":{"start":{"line":80,"column":4},"end":{"line":80,"column":16}},"32":{"start":{"line":84,"column":4},"end":{"line":84,"column":22}},"33":{"start":{"line":86,"column":4},"end":{"line":86,"column":16}},"34":{"start":{"line":90,"column":4},"end":{"line":90,"column":23}},"35":{"start":{"line":92,"column":4},"end":{"line":92,"column":16}},"36":{"start":{"line":96,"column":4},"end":{"line":96,"column":62}},"37":{"start":{"line":98,"column":4},"end":{"line":98,"column":16}},"38":{"start":{"line":102,"column":4},"end":{"line":102,"column":31}},"39":{"start":{"line":104,"column":4},"end":{"line":104,"column":16}},"40":{"start":{"line":108,"column":4},"end":{"line":108,"column":31}},"41":{"start":{"line":110,"column":4},"end":{"line":110,"column":16}},"42":{"start":{"line":114,"column":4},"end":{"line":114,"column":36}},"43":{"start":{"line":116,"column":4},"end":{"line":116,"column":16}},"44":{"start":{"line":120,"column":4},"end":{"line":120,"column":37}},"45":{"start":{"line":122,"column":4},"end":{"line":122,"column":16}},"46":{"start":{"line":126,"column":4},"end":{"line":128,"column":5}},"47":{"start":{"line":130,"column":4},"end":{"line":130,"column":16}},"48":{"start":{"line":134,"column":4},"end":{"line":134,"column":35}},"49":{"start":{"line":136,"column":4},"end":{"line":136,"column":16}},"50":{"start":{"line":140,"column":4},"end":{"line":140,"column":35}},"51":{"start":{"line":142,"column":4},"end":{"line":142,"column":16}},"52":{"start":{"line":146,"column":4},"end":{"line":146,"column":11}},"53":{"start":{"line":147,"column":4},"end":{"line":147,"column":16}}},"fnMap":{"0":{"name":"(anonymous_0)","decl":{"start":{"line":3,"column":15},"end":{"line":3,"column":16}},"loc":{"start":{"line":3,"column":34},"end":{"line":10,"column":1}},"line":3},"1":{"name":"(anonymous_1)","decl":{"start":{"line":12,"column":19},"end":{"line":12,"column":20}},"loc":{"start":{"line":12,"column":30},"end":{"line":20,"column":1}},"line":12},"2":{"name":"(anonymous_2)","decl":{"start":{"line":22,"column":15},"end":{"line":22,"column":16}},"loc":{"start":{"line":22,"column":26},"end":{"line":31,"column":1}},"line":22},"3":{"name":"(anonymous_3)","decl":{"start":{"line":35,"column":2},"end":{"line":35,"column":3}},"loc":{"start":{"line":35,"column":31},"end":{"line":46,"column":3}},"line":35},"4":{"name":"(anonymous_4)","decl":{"start":{"line":48,"column":2},"end":{"line":48,"column":3}},"loc":{"start":{"line":48,"column":25},"end":{"line":54,"column":3}},"line":48},"5":{"name":"(anonymous_5)","decl":{"start":{"line":56,"column":2},"end":{"line":56,"column":3}},"loc":{"start":{"line":56,"column":15},"end":{"line":64,"column":3}},"line":56},"6":{"name":"(anonymous_6)","decl":{"start":{"line":59,"column":17},"end":{"line":59,"column":18}},"loc":{"start":{"line":59,"column":26},"end":{"line":61,"column":5}},"line":59},"7":{"name":"(anonymous_7)","decl":{"start":{"line":66,"column":2},"end":{"line":66,"column":3}},"loc":{"start":{"line":66,"column":10},"end":{"line":68,"column":3}},"line":66},"8":{"name":"(anonymous_8)","decl":{"start":{"line":70,"column":2},"end":{"line":70,"column":3}},"loc":{"start":{"line":70,"column":24},"end":{"line":72,"column":3}},"line":70},"9":{"name":"(anonymous_9)","decl":{"start":{"line":74,"column":2},"end":{"line":74,"column":3}},"loc":{"start":{"line":74,"column":14},"end":{"line":81,"column":3}},"line":74},"10":{"name":"(anonymous_10)","decl":{"start":{"line":83,"column":2},"end":{"line":83,"column":3}},"loc":{"start":{"line":83,"column":8},"end":{"line":87,"column":3}},"line":83},"11":{"name":"(anonymous_11)","decl":{"start":{"line":89,"column":2},"end":{"line":89,"column":3}},"loc":{"start":{"line":89,"column":13},"end":{"line":93,"column":3}},"line":89},"12":{"name":"(anonymous_12)","decl":{"start":{"line":95,"column":2},"end":{"line":95,"column":3}},"loc":{"start":{"line":95,"column":22},"end":{"line":99,"column":3}},"line":95},"13":{"name":"(anonymous_13)","decl":{"start":{"line":101,"column":2},"end":{"line":101,"column":3}},"loc":{"start":{"line":101,"column":15},"end":{"line":105,"column":3}},"line":101},"14":{"name":"(anonymous_14)","decl":{"start":{"line":107,"column":2},"end":{"line":107,"column":3}},"loc":{"start":{"line":107,"column":16},"end":{"line":111,"column":3}},"line":107},"15":{"name":"(anonymous_15)","decl":{"start":{"line":113,"column":2},"end":{"line":113,"column":3}},"loc":{"start":{"line":113,"column":12},"end":{"line":117,"column":3}},"line":113},"16":{"name":"(anonymous_16)","decl":{"start":{"line":119,"column":2},"end":{"line":119,"column":3}},"loc":{"start":{"line":119,"column":16},"end":{"line":123,"column":3}},"line":119},"17":{"name":"(anonymous_17)","decl":{"start":{"line":125,"column":2},"end":{"line":125,"column":3}},"loc":{"start":{"line":125,"column":26},"end":{"line":131,"column":3}},"line":125},"18":{"name":"(anonymous_18)","decl":{"start":{"line":133,"column":2},"end":{"line":133,"column":3}},"loc":{"start":{"line":133,"column":23},"end":{"line":137,"column":3}},"line":133},"19":{"name":"(anonymous_19)","decl":{"start":{"line":139,"column":2},"end":{"line":139,"column":3}},"loc":{"start":{"line":139,"column":24},"end":{"line":143,"column":3}},"line":139},"20":{"name":"(anonymous_20)","decl":{"start":{"line":145,"column":2},"end":{"line":145,"column":3}},"loc":{"start":{"line":145,"column":14},"end":{"line":148,"column":3}},"line":145}},"branchMap":{"0":{"loc":{"start":{"line":6,"column":13},"end":{"line":6,"column":51}},"type":"cond-expr","locations":[{"start":{"line":6,"column":31},"end":{"line":6,"column":42}},{"start":{"line":6,"column":45},"end":{"line":6,"column":51}}],"line":6},"1":{"loc":{"start":{"line":23,"column":16},"end":{"line":25,"column":6}},"type":"cond-expr","locations":[{"start":{"line":24,"column":4},"end":{"line":24,"column":56}},{"start":{"line":25,"column":4},"end":{"line":25,"column":6}}],"line":23},"2":{"loc":{"start":{"line":49,"column":4},"end":{"line":51,"column":5}},"type":"if","locations":[{"start":{"line":49,"column":4},"end":{"line":51,"column":5}},{"start":{"line":49,"column":4},"end":{"line":51,"column":5}}],"line":49}},"s":{"0":7,"1":10,"2":10,"3":10,"4":10,"5":7,"6":9,"7":9,"8":9,"9":9,"10":9,"11":7,"12":9,"13":9,"14":9,"15":9,"16":9,"17":9,"18":9,"19":4,"20":1,"21":4,"22":1,"23":1,"24":1,"25":1,"26":0,"27":0,"28":9,"29":9,"30":9,"31":9,"32":8,"33":8,"34":1,"35":1,"36":9,"37":9,"38":7,"39":7,"40":2,"41":2,"42":3,"43":3,"44":1,"45":1,"46":1,"47":1,"48":1,"49":1,"50":0,"51":0,"52":0,"53":0},"f":{"0":10,"1":9,"2":9,"3":9,"4":4,"5":1,"6":1,"7":0,"8":0,"9":9,"10":8,"11":1,"12":9,"13":7,"14":2,"15":3,"16":1,"17":1,"18":1,"19":0,"20":0},"b":{"0":[8,2],"1":[2,7],"2":[1,3]},"_coverageSchema":"332fd63041d2c1bcb487cc26dd0d5f7d97098a6c","hash":"02bd092f8f0f7d0379b8955c2a72458ad0fe96a1"}
,"/Users/pro/Documents/projects/awesome/serverless-alexa-ability/tests/mock.js": {"path":"/Users/pro/Documents/projects/awesome/serverless-alexa-ability/tests/mock.js","statementMap":{"0":{"start":{"line":1,"column":0},"end":{"line":21,"column":2}},"1":{"start":{"line":23,"column":0},"end":{"line":35,"column":2}}},"fnMap":{},"branchMap":{},"s":{"0":7,"1":7},"f":{},"b":{},"_coverageSchema":"332fd63041d2c1bcb487cc26dd0d5f7d97098a6c","hash":"7b6ac23cd9fe2d85dfda0d3cedacb4c4e8ac2c2c"}
}
