TN:
SF:/Users/pro/Documents/projects/awesome/serverless-alexa-ability/src/ability.js
FN:3,(anonymous_0)
FN:12,(anonymous_1)
FN:22,(anonymous_2)
FN:35,(anonymous_3)
FN:48,(anonymous_4)
FN:56,(anonymous_5)
FN:59,(anonymous_6)
FN:66,(anonymous_7)
FN:70,(anonymous_8)
FN:74,(anonymous_9)
FN:83,(anonymous_10)
FN:89,(anonymous_11)
FN:95,(anonymous_12)
FN:101,(anonymous_13)
FN:107,(anonymous_14)
FN:113,(anonymous_15)
FN:119,(anonymous_16)
FN:125,(anonymous_17)
FN:133,(anonymous_18)
FN:139,(anonymous_19)
FN:145,(anonymous_20)
FNF:21
FNH:17
FNDA:10,(anonymous_0)
FNDA:9,(anonymous_1)
FNDA:9,(anonymous_2)
FNDA:9,(anonymous_3)
FNDA:4,(anonymous_4)
FNDA:1,(anonymous_5)
FNDA:1,(anonymous_6)
FNDA:0,(anonymous_7)
FNDA:0,(anonymous_8)
FNDA:9,(anonymous_9)
FNDA:8,(anonymous_10)
FNDA:1,(anonymous_11)
FNDA:9,(anonymous_12)
FNDA:7,(anonymous_13)
FNDA:2,(anonymous_14)
FNDA:3,(anonymous_15)
FNDA:1,(anonymous_16)
FNDA:1,(anonymous_17)
FNDA:1,(anonymous_18)
FNDA:0,(anonymous_19)
FNDA:0,(anonymous_20)
DA:3,7
DA:4,10
DA:6,10
DA:7,10
DA:9,10
DA:12,7
DA:13,9
DA:14,9
DA:16,9
DA:17,9
DA:19,9
DA:22,7
DA:23,9
DA:27,9
DA:28,9
DA:30,9
DA:36,9
DA:37,9
DA:39,9
DA:49,4
DA:50,1
DA:53,4
DA:57,1
DA:59,1
DA:60,1
DA:63,1
DA:67,0
DA:71,0
DA:75,9
DA:76,9
DA:78,9
DA:80,9
DA:84,8
DA:86,8
DA:90,1
DA:92,1
DA:96,9
DA:98,9
DA:102,7
DA:104,7
DA:108,2
DA:110,2
DA:114,3
DA:116,3
DA:120,1
DA:122,1
DA:126,1
DA:130,1
DA:134,1
DA:136,1
DA:140,0
DA:142,0
DA:146,0
DA:147,0
LF:54
LH:48
BRDA:6,0,0,8
BRDA:6,0,1,2
BRDA:23,1,0,2
BRDA:23,1,1,7
BRDA:49,2,0,1
BRDA:49,2,1,3
BRF:6
BRH:6
end_of_record
TN:
SF:/Users/pro/Documents/projects/awesome/serverless-alexa-ability/tests/mock.js
FNF:0
FNH:0
DA:1,7
DA:23,7
LF:2
LH:2
BRF:0
BRH:0
end_of_record
